<?xml version="1.0" encoding="UTF-8"?>
<testsuite xmlns:xsi="http://www.w3.org/2001/XMLSchema-instance" xsi:noNamespaceSchemaLocation="https://maven.apache.org/surefire/maven-surefire-plugin/xsd/surefire-test-report-3.0.xsd" version="3.0" name="LibraryTest" time="0.043" tests="5" errors="0" skipped="0" failures="0">
  <properties>
[...]
</properties>
  <testcase name="testGetBooks" classname="LibraryTest" time="0.022"/>
  <testcase name="testAddBook" classname="LibraryTest" time="0.001"/>
  <testcase name="testPrintAllBooks" classname="LibraryTest" time="0.002">
    <system-out><![CDATA[Book{title='The Great Gatsby', author='F. Scott Fitzgerald', year=1925}
Book{title='1984', author='George Orwell', year=1949}
Book{title='To Kill a Mockingbird', author='Harper Lee', year=1960}
]]></system-out>
  </testcase>
  <testcase name="testSortBooksByTitle" classname="LibraryTest" time="0.002"/>
  <testcase name="testFindBooksByAuthor" classname="LibraryTest" time="0.002"/>
</testsuite>